Option debug requires an argument
[H[J

===========================================
GNUMAP_PIPELINE(v0.1)
-http://jlab.bu.edu
-cjhong@bu.edu
-running at /unprotected/projects/johnsonlab/apps/gnumaps
Sat Feb 15 04:08:34 EST 2014
-elapsed time: 0.0
===========================================
In progress ...
selecting unmapped reads from an initial mapping in fa format...
done.
splitting reads...
splitting input reads...
done!
Performing BLAT search...
running the script /net/ibxhpl/ibxhplfs1/unprotected/projects/johnsonlab/exp/cj/gnumaps_tranc_debug/reditDebug/out/8374X1b_1/fa/gnupar.sh...
Loaded 100286070 letters in 7 sequences
Searched 12625000 bases in 125000 sequences
Loaded 100286070 letters in 7 sequences
Searched 12625000 bases in 125000 sequences
Loaded 100286070 letters in 7 sequences
Searched 12625000 bases in 125000 sequences
Loaded 100286070 letters in 7 sequences
Searched 12625000 bases in 125000 sequences
done.
rm -rf /net/ibxhpl/ibxhplfs1/unprotected/projects/johnsonlab/exp/cj/gnumaps_tranc_debug/reditDebug/out/8374X1b_1/fa/1.fa.par_* 
rm -rf /net/ibxhpl/ibxhplfs1/unprotected/projects/johnsonlab/exp/cj/gnumaps_tranc_debug/reditDebug/out/8374X1b_1/fa/1.par_* 
converting psl(/net/ibxhpl/ibxhplfs1/unprotected/projects/johnsonlab/exp/cj/gnumaps_tranc_debug/reditDebug/out/8374X1b_1/fa/1.psl) to sam...
done.
splitting reads...
splitting input reads...
done!
Performing BLAT search...
running the script /net/ibxhpl/ibxhplfs1/unprotected/projects/johnsonlab/exp/cj/gnumaps_tranc_debug/reditDebug/out/8374X1b_1/fa/gnupar.sh...
Loaded 100286070 letters in 7 sequences
Searched 12625000 bases in 125000 sequences
Loaded 100286070 letters in 7 sequences
Searched 12625000 bases in 125000 sequences
Loaded 100286070 letters in 7 sequences
Searched 12625000 bases in 125000 sequences
Loaded 100286070 letters in 7 sequences
Searched 12625000 bases in 125000 sequences
done.
rm -rf /net/ibxhpl/ibxhplfs1/unprotected/projects/johnsonlab/exp/cj/gnumaps_tranc_debug/reditDebug/out/8374X1b_1/fa/2.fa.par_* 
rm -rf /net/ibxhpl/ibxhplfs1/unprotected/projects/johnsonlab/exp/cj/gnumaps_tranc_debug/reditDebug/out/8374X1b_1/fa/2.par_* 
converting psl(/net/ibxhpl/ibxhplfs1/unprotected/projects/johnsonlab/exp/cj/gnumaps_tranc_debug/reditDebug/out/8374X1b_1/fa/2.psl) to sam...
done.
splitting reads...
splitting input reads...
done!
Performing BLAT search...
running the script /net/ibxhpl/ibxhplfs1/unprotected/projects/johnsonlab/exp/cj/gnumaps_tranc_debug/reditDebug/out/8374X1b_1/fa/gnupar.sh...
End of file reading 3703623904 bytes
End of file reading 3703623904 bytes
End of file reading 3703623904 bytes
End of file reading 3703623904 bytes
done.
rm -rf /net/ibxhpl/ibxhplfs1/unprotected/projects/johnsonlab/exp/cj/gnumaps_tranc_debug/reditDebug/out/8374X1b_1/fa/1.fa.par_* 
rm -rf /net/ibxhpl/ibxhplfs1/unprotected/projects/johnsonlab/exp/cj/gnumaps_tranc_debug/reditDebug/out/8374X1b_1/fa/1.par_* 
converting psl(/net/ibxhpl/ibxhplfs1/unprotected/projects/johnsonlab/exp/cj/gnumaps_tranc_debug/reditDebug/out/8374X1b_1/fa/1.psl) to sam...
splitting reads...
splitting input reads...
done!
Performing BLAT search...
running the script /net/ibxhpl/ibxhplfs1/unprotected/projects/johnsonlab/exp/cj/gnumaps_tranc_debug/reditDebug/out/8374X1b_1/fa/gnupar.sh...
End of file reading 3703623904 bytes
End of file reading 3703623904 bytes
End of file reading 3703623904 bytes
End of file reading 3703623904 bytes
done.
rm -rf /net/ibxhpl/ibxhplfs1/unprotected/projects/johnsonlab/exp/cj/gnumaps_tranc_debug/reditDebug/out/8374X1b_1/fa/2.fa.par_* 
rm -rf /net/ibxhpl/ibxhplfs1/unprotected/projects/johnsonlab/exp/cj/gnumaps_tranc_debug/reditDebug/out/8374X1b_1/fa/2.par_* 
converting psl(/net/ibxhpl/ibxhplfs1/unprotected/projects/johnsonlab/exp/cj/gnumaps_tranc_debug/reditDebug/out/8374X1b_1/fa/2.psl) to sam...
/net/ibxhpl/ibxhplfs1/unprotected/projects/johnsonlab/exp/cj/gnumaps_tranc_debug/reditDebug/out/8374X1b_1/aligned/blat/tgen/both/1.sam does not exist...
/net/ibxhpl/ibxhplfs1/unprotected/projects/johnsonlab/exp/cj/gnumaps_tranc_debug/reditDebug/out/8374X1b_1/aligned/blat/tgen/both/2.sam does not exist...
demuxing sam...
forming PE mappings...
done
